WIND Assembly of wave1.s                                                Page 1

Line [ Addr ]
0001           ;;; read in warm program, search for halt
0002 [0x0000]:         lea     warm,r0
     [0x0000]: 40198000 000003e7          
0003 [0x0002]:         mov     $0x0,r1         ; program counter
     [0x0002]: 48380000 00000000          
0004 [0x0004]:         trap    $SysOverlay
     [0x0004]: 00180000 00000006          
0005 [0x0006]:         cmp     $0x06800000,warm(r0)
     [0x0006]: 9a180000 06800000 000003e8 
0006 [0x0009]:         jne     loop
     [0x0009]: 28198000 00000009          
0007 [0x000b]:         trap    $SysPutNum
     [0x000b]: 00180000 00000004          
0008 [0x000d]:         mov     $'\n,r0
     [0x000d]: 48180000 0000000a          
0009 [0x000f]:         trap    $SysPutChar
     [0x000f]: 00180000 00000003          
0010 [0x0011]:         trap    $SysHalt
     [0x0011]: 00180000 00000000          
0011 [0x0013]: loop:   add     $1,r1           ; incrementing pc
     [0x0013]: a0380000 00000001          
0012 [0x0015]:         mov     r1,r0
     [0x0015]: 48008000                   
0013 [0x0016]:         cmp     $0x06800000,warm(r0)
     [0x0016]: 9a180000 06800000 000003e8 
0014 [0x0019]:         jne     loop
     [0x0019]: 28198000 fffffff9          
0015 [0x001b]:         mov     r1,r0
     [0x001b]: 48008000                   
0016 [0x001c]:         trap    $SysPutNum
     [0x001c]: 00180000 00000004          
0017 [0x001e]:         mov     $'\n,r0
     [0x001e]: 48180000 0000000a          
0018 [0x0020]:         trap    $SysPutChar
     [0x0020]: 00180000 00000003          
0019 [0x0022]:         trap    $SysHalt
     [0x0022]: 00180000 00000000          
0020                   
0021           ;;; warm overlay loading area
0022 [0x0024]:         .origin 1000
0023 [0x03e8]: warm:

-------------------------------------------------------------------------------
Symbols defined:
        loop=19             warm=1000   
-------------------------------------------------------------------------------
Assembled 18 instructions at 162.16 instructions per second.
